This is pdfTeX, Version 3.1415926-1.40.9 (MiKTeX 2.7) (preloaded format=pdflatex 2010.1.28)  28 JAN 2010 17:06
entering extended mode
**C:/projects/PhD*research/Simulation/reklab/smi-2.0-devel/manual/manual-2.0.te
x

("C:/projects/PhD research/Simulation/reklab/smi-2.0-devel/manual/manual-2.0.te
x"
LaTeX2e <2005/12/01>
Babel <v3.8l> and hyphenation patterns for english, dumylang, nohyphenation, ge
rman, ngerman, german-x-2008-06-18, ngerman-x-2008-06-18, french, loaded.
("C:\Program Files (x86)\MiKTeX 2.7\tex\latex\base\book.cls"
Document Class: book 2005/09/16 v1.4f Standard LaTeX document class
("C:\Program Files (x86)\MiKTeX 2.7\tex\latex\base\bk10.clo"
File: bk10.clo 2005/09/16 v1.4f Standard LaTeX file (size option)
)
\c@part=\count79
\c@chapter=\count80
\c@section=\count81
\c@subsection=\count82
\c@subsubsection=\count83
\c@paragraph=\count84
\c@subparagraph=\count85
\c@figure=\count86
\c@table=\count87
\abovecaptionskip=\skip41
\belowcaptionskip=\skip42
\bibindent=\dimen102
) (matlabref.sty
Package: matlabref 1997/12/04 v1.1 Matlab Manual Style

("C:\Program Files (x86)\MiKTeX 2.7\tex\latex\fancyhdr\fancyheadings.sty"
Package: fancyheadings 2008/02/04 1.99 Dummy package to call fancyhdr


Package fancyheadings Warning: Please stop using fancyheadings!
(fancyheadings)                Use fancyhdr instead.
(fancyheadings)                We will call fancyhdr with the very same
(fancyheadings)                options you passed to fancyheadings.
(fancyheadings)                
(fancyheadings)                fancyhdr is 99 percent compatible with
(fancyheadings)                fancyheadings. The only incompatibility is
(fancyheadings)                that \headrulewidth and \footrulewidth and
(fancyheadings)                their \plain... versions are no longer length
(fancyheadings)                parameters, but normal macros (to be changed
(fancyheadings)                with \renewcommand rather than \setlength)..

("C:\Program Files (x86)\MiKTeX 2.7\tex\latex\fancyhdr\fancyhdr.sty"
\fancy@headwidth=\skip43
\f@ncyO@elh=\skip44
\f@ncyO@erh=\skip45
\f@ncyO@olh=\skip46
\f@ncyO@orh=\skip47
\f@ncyO@elf=\skip48
\f@ncyO@erf=\skip49
\f@ncyO@olf=\skip50
\f@ncyO@orf=\skip51
))
("C:\Program Files (x86)\MiKTeX 2.7\tex\latex\base\ifthen.sty"
Package: ifthen 2001/05/26 v1.1c Standard LaTeX ifthen package (DPC)
)

! LaTeX Error: Missing \begin{document}.

See the LaTeX manual or LaTeX Companion for explanation.
Type  H <return>  for immediate help.
 ...                                              
                                                  
l.71 \setlength{\headrulewidth}{0pt}
                                    
You're in trouble here.  Try typing  <return>  to proceed.
If that doesn't work, type  X <return>  to quit.

\@tablength=\skip52
) (manual-2.0.aux)
LaTeX Font Info:    Checking defaults for OML/cmm/m/it on input line 78.
LaTeX Font Info:    ... okay on input line 78.
LaTeX Font Info:    Checking defaults for T1/cmr/m/n on input line 78.
LaTeX Font Info:    ... okay on input line 78.
LaTeX Font Info:    Checking defaults for OT1/cmr/m/n on input line 78.
LaTeX Font Info:    ... okay on input line 78.
LaTeX Font Info:    Checking defaults for OMS/cmsy/m/n on input line 78.
LaTeX Font Info:    ... okay on input line 78.
LaTeX Font Info:    Checking defaults for OMX/cmex/m/n on input line 78.
LaTeX Font Info:    ... okay on input line 78.
LaTeX Font Info:    Checking defaults for U/cmr/m/n on input line 78.
LaTeX Font Info:    ... okay on input line 78.
 [1

{C:/ProgramData/MiKTeX/2.7/pdftex/config/pdftex.map}]
[2

] (manual-2.0.toc
LaTeX Font Info:    External font `cmex10' loaded for size
(Font)              <7> on input line 2.
LaTeX Font Info:    External font `cmex10' loaded for size
(Font)              <5> on input line 2.
 [3])
\tf@toc=\write3
 [4]
Chapter 1.

Overfull \hbox (24.98657pt too wide) in paragraph at lines 91--139
[][] 
 []


Underfull \vbox (badness 10000) has occurred while \output is active []

 [5

]
Overfull \vbox (3.39972pt too high) has occurred while \output is active []


[6] [7] [8]
Overfull \hbox (6.29904pt too wide) in paragraph at lines 206--209
\OT1/cmr/m/n/10 Used when an-a-lyz-ing mul-ti-ple input-output data se-quences.
 
 []

[9] [10]
Overfull \hbox (0.71571pt too wide) in paragraph at lines 255--257
[]\OT1/cmr/m/n/10 Order of the Cheby-chev poly-no-mi-als in the non-lin-ear fun
c-
 []

[11] [12] [13] [14] [15] [16] [17] [18] [19] [20] [21]
Overfull \hbox (6.29904pt too wide) in paragraph at lines 613--616
\OT1/cmr/m/n/10 Used when an-a-lyz-ing mul-ti-ple input-output data se-quences.
 
 []

[22] [23] [24] [25] [26] [27]
Underfull \hbox (badness 10000) in paragraph at lines 804--806

 []


Underfull \hbox (badness 10000) in paragraph at lines 819--821

 []

[28] [29] [30] [31] [32] [33]
Overfull \hbox (15.35359pt too wide) in paragraph at lines 1053--1056
\OT1/cmr/m/n/10 can for in-stance be ob-tained by us-ing \OT1/cmtt/m/n/10 dordp
i\OT1/cmr/m/n/10 /\OT1/cmtt/m/n/10 destac\OT1/cmr/m/n/10 /\OT1/cmtt/m/n/10 dest
bd
 []

[34]
Overfull \hbox (4.12015pt too wide) in paragraph at lines 1070--1074
\OT1/cmr/m/n/10 model in in-no-va-tion form us-ing the out-put of the dordpo an
d dmodpo
 []


Overfull \hbox (15.35359pt too wide) in paragraph at lines 1093--1096
\OT1/cmr/m/n/10 can for in-stance be ob-tained by us-ing \OT1/cmtt/m/n/10 dordp
o\OT1/cmr/m/n/10 /\OT1/cmtt/m/n/10 destac\OT1/cmr/m/n/10 /\OT1/cmtt/m/n/10 dest
bd
 []


Underfull \hbox (badness 10000) in paragraph at lines 1100--1101

 []

[35]
Overfull \hbox (60.1997pt too wide) in paragraph at lines 1123--1126
\OT1/cmtt/m/n/10 [A,B,C,D,hist] = drslslin(u,y,A,C,K,model,partype,options,slss
tate) 
 []

[36]
Overfull \hbox (49.6998pt too wide) in paragraph at lines 1173--1175
\OT1/cmtt/m/n/10 [A,B,C,D,x0,K,options] = dslslin(u,y,A,C,K,model,partype,optio
ns) 
 []


Overfull \hbox (11.32108pt too wide) in paragraph at lines 1179--1187
\OT1/cmr/m/n/10 model(1) spec-i-fies if ma-trix $\OML/cmm/m/it/10 B$ \OT1/cmr/m
/n/10 should be es-ti-mated. model(2)
 []

[37] [38]
Overfull \hbox (60.1997pt too wide) in paragraph at lines 1229--1230
[]\OT1/cmtt/m/n/10 [A,B,C,D,x0,thl,options] = dslswie(u,z,A,B,C,D,x0,nn,model,o
ptions) 
 []

[39] [40] [41] [42] [43] [44]
Overfull \hbox (44.44984pt too wide) in paragraph at lines 1440--1442
[]\OT1/cmtt/m/n/10 [Bc,Ba,D,x0c,x0a,R]=ncdestbd(u,y,Ac,Aa,Cc,Ca,model,Rold,iv,n
iv);
 []

[45] [46]
Overfull \hbox (20.14705pt too wide) in alignment at lines 1498--1500
 [][][] []
 []


Overfull \hbox (0.77118pt too wide) in paragraph at lines 1510--1512
[]\OT1/cmr/m/n/10 State space ma-tri-ces rep-re-sent-ing a pos-si-bly un-sta-bl
e state
 []

[47] [48] [49]

LaTeX Warning: Citation `Tulleken90' on page 50 undefined on input line 1563.

[50]
LaTeX Font Info:    Try loading font information for OMS+cmr on input line 1590
.
 ("C:\Program Files (x86)\MiKTeX 2.7\tex\latex\base\omscmr.fd"
File: omscmr.fd 1999/05/25 v2.5h Standard LaTeX font definitions
)
LaTeX Font Info:    Font shape `OMS/cmr/m/n' in size <10> not available
(Font)              Font shape `OMS/cmsy/m/n' tried instead on input line 1590.



LaTeX Warning: Citation `Backx87' on page 51 undefined on input line 1597.

[51] [52] [53] (manual-2.0.aux)

LaTeX Warning: There were undefined references.

 ) 
Here is how much of TeX's memory you used:
 552 strings out of 95304
 5774 string characters out of 1182842
 62246 words of memory out of 1500000
 3806 multiletter control sequences out of 110000
 9095 words of font info for 32 fonts, out of 3000000 for 5000
 14 hyphenation exceptions out of 8191
 35i,12n,47p,222b,462s stack positions out of 5000i,500n,10000p,200000b,50000s
<C:/Program Files (x86)/MiKTeX 2.7/fonts/type1/bluesky/cm/cmbx10.pfb><C:/Prog
ram Files (x86)/MiKTeX 2.7/fonts/type1/bluesky/cm/cmbx12.pfb><C:/Program Files 
(x86)/MiKTeX 2.7/fonts/type1/bluesky/cm/cmcsc10.pfb><C:/Program Files (x86)/MiK
TeX 2.7/fonts/type1/bluesky/cm/cmex10.pfb><C:/Program Files (x86)/MiKTeX 2.7/fo
nts/type1/bluesky/cm/cmmi10.pfb><C:/Program Files (x86)/MiKTeX 2.7/fonts/type1/
bluesky/cm/cmmi5.pfb><C:/Program Files (x86)/MiKTeX 2.7/fonts/type1/bluesky/cm/
cmmi7.pfb><C:/Program Files (x86)/MiKTeX 2.7/fonts/type1/bluesky/cm/cmr10.pfb><
C:/Program Files (x86)/MiKTeX 2.7/fonts/type1/bluesky/cm/cmr7.pfb><C:/Program F
iles (x86)/MiKTeX 2.7/fonts/type1/bluesky/cm/cmsl9.pfb><C:/Program Files (x86)/
MiKTeX 2.7/fonts/type1/bluesky/cm/cmssbx10.pfb><C:/Program Files (x86)/MiKTeX 2
.7/fonts/type1/bluesky/cm/cmsy10.pfb><C:/Program Files (x86)/MiKTeX 2.7/fonts/t
ype1/bluesky/cm/cmtt10.pfb>
Output written on manual-2.0.pdf (53 pages, 167148 bytes).
PDF statistics:
 225 PDF objects out of 1000 (max. 8388607)
 0 named destinations out of 1000 (max. 131072)
 1 words of extra memory for PDF output out of 10000 (max. 10000000)

